<?xml version="1.0" encoding="UTF-8"?>
<!-- Generated by org.testng.reporters.JUnitReportReporter -->
<testsuite hostname="DESKTOP-9HEQA7S" failures="0" tests="2" name="Testng.NavigateToSwiggy" time="30.429" errors="0" timestamp="2025-07-30T10:02:25 IST" skipped="0">
  <testcase classname="Testng.NavigateToSwiggy" name="Swiggy" time="12.167">
    <system-out>
      <![CDATA[swiggy]]>
    </system-out>
  </testcase> <!-- Swiggy -->
  <testcase classname="Testng.NavigateToSwiggy" name="Swiggy" time="18.262">
    <system-out>
      <![CDATA[swiggy]]>
    </system-out>
  </testcase> <!-- Swiggy -->
  <system-out>
    <![CDATA[facebook
facebook
flipkart
swiggy
flipkart
swiggy]]>
  </system-out>
</testsuite> <!-- Testng.NavigateToSwiggy -->
