<?xml version="1.0" encoding="UTF-8"?>
<!-- Generated by org.testng.reporters.JUnitReportReporter -->
<testsuite hostname="DESKTOP-9HEQA7S" failures="0" tests="1" name="UtilizingListeners.TestScript" time="0.007" errors="0" timestamp="2025-08-01T22:44:37 IST" skipped="0">
  <testcase classname="UtilizingListeners.TestScript" name="listenerTest" time="0.007">
    <system-out>
      <![CDATA[Test method execution started
Listeners test
Test success ]]>
    </system-out>
  </testcase> <!-- listenerTest -->
  <system-out>
    <![CDATA[Suite exxecution started-configure report
BS-connect with the database
BT-configure the parallel execution
BC-Launch the browser
BM-login
Test method execution started
Listeners test
Test success 
AM-Logout
AF-Quit the browser
AT-close the parallel execution
AS-Disconnect with the database]]>
  </system-out>
</testsuite> <!-- UtilizingListeners.TestScript -->
