<?xml version="1.0" encoding="UTF-8"?>
<!-- Generated by org.testng.reporters.JUnitReportReporter -->
<testsuite hostname="DESKTOP-9HEQA7S" failures="0" tests="5" name="Testng.UsingInvocationCount" time="0.012" errors="0" timestamp="2025-07-30T08:42:57 IST" skipped="0">
  <testcase classname="Testng.UsingInvocationCount" name="register" time="0.003"/>
  <testcase classname="Testng.UsingInvocationCount" name="login" time="0.004"/>
  <testcase classname="Testng.UsingInvocationCount" name="create" time="0.003"/>
  <testcase classname="Testng.UsingInvocationCount" name="create" time="0.001"/>
  <testcase classname="Testng.UsingInvocationCount" name="create" time="0.001"/>
</testsuite> <!-- Testng.UsingInvocationCount -->
