<?xml version="1.0" encoding="UTF-8"?>
<!-- Generated by org.testng.reporters.JUnitReportReporter -->
<testsuite hostname="DESKTOP-9HEQA7S" failures="0" tests="1" name="Testng.CreateAsimpletest" time="0.002" errors="0" timestamp="2025-07-30T08:42:57 IST" skipped="0">
  <testcase classname="Testng.CreateAsimpletest" name="sampleTest" time="0.002"/>
</testsuite> <!-- Testng.CreateAsimpletest -->
