<?xml version="1.0" encoding="UTF-8"?>
<!-- Generated by org.testng.reporters.JUnitReportReporter -->
<testsuite hostname="DESKTOP-9HEQA7S" failures="0" tests="3" name="DataProviders.UsingMultipleSetOfData" time="0.012" errors="0" timestamp="2025-07-31T23:26:07 IST" skipped="0">
  <testcase classname="DataProviders.UsingMultipleSetOfData" name="loginTestScript" time="0.002"/>
  <testcase classname="DataProviders.UsingMultipleSetOfData" name="loginTestScript" time="0.009"/>
  <testcase classname="DataProviders.UsingMultipleSetOfData" name="loginTestScript" time="0.001"/>
</testsuite> <!-- DataProviders.UsingMultipleSetOfData -->
