<?xml version="1.0" encoding="UTF-8"?>
<!-- Generated by org.testng.reporters.JUnitReportReporter -->
<testsuite hostname="DESKTOP-9HEQA7S" failures="0" tests="2" name="Annotations.Utilizing_Baseclass" time="0.009" errors="0" timestamp="2025-08-01T22:47:41 IST" skipped="0">
  <testcase classname="Annotations.Utilizing_Baseclass" name="testscript" time="0.003">
    <system-out>
      <![CDATA[Create a product]]>
    </system-out>
  </testcase> <!-- testscript -->
  <testcase classname="Annotations.Utilizing_Baseclass" name="modify" time="0.006">
    <system-out>
      <![CDATA[modify the product]]>
    </system-out>
  </testcase> <!-- modify -->
  <system-out>
    <![CDATA[BS-connect with the database
BT-configure the parallel execution
BC-Launch the browser
BM-login
modify the product
AM-Logout
BM-login
Create a product
AM-Logout
AF-Quit the browser
AT-close the parallel execution
AS-Disconnect with the database]]>
  </system-out>
</testsuite> <!-- Annotations.Utilizing_Baseclass -->
