<?xml version="1.0" encoding="UTF-8"?>
<!-- Generated by org.testng.reporters.JUnitReportReporter -->
<testsuite hostname="DESKTOP-9HEQA7S" failures="0" tests="2" name="Testng.NavigatetoFlipkart" time="35.326" errors="0" timestamp="2025-07-30T10:02:25 IST" skipped="0">
  <testcase classname="Testng.NavigatetoFlipkart" name="Flipkart" time="15.064">
    <system-out>
      <![CDATA[flipkart]]>
    </system-out>
  </testcase> <!-- Flipkart -->
  <testcase classname="Testng.NavigatetoFlipkart" name="Flipkart" time="20.262">
    <system-out>
      <![CDATA[flipkart]]>
    </system-out>
  </testcase> <!-- Flipkart -->
  <system-out>
    <![CDATA[facebook
facebook
flipkart
swiggy
flipkart
swiggy]]>
  </system-out>
</testsuite> <!-- Testng.NavigatetoFlipkart -->
