<?xml version="1.0" encoding="UTF-8"?>
<!-- Generated by org.testng.reporters.JUnitReportReporter -->
<testsuite hostname="DESKTOP-9HEQA7S" failures="0" tests="3" name="Testng.UsingPriorityFlag" time="0.011" errors="0" timestamp="2025-07-30T08:42:57 IST" skipped="0">
  <testcase classname="Testng.UsingPriorityFlag" name="create" time="0.004"/>
  <testcase classname="Testng.UsingPriorityFlag" name="register" time="0.002"/>
  <testcase classname="Testng.UsingPriorityFlag" name="login" time="0.005"/>
</testsuite> <!-- Testng.UsingPriorityFlag -->
