<?xml version="1.0" encoding="UTF-8"?>
<!-- Generated by org.testng.reporters.JUnitReportReporter -->
<testsuite hostname="DESKTOP-9HEQA7S" failures="0" tests="2" name="Testng.UsingDependsonMethodFlag" time="0.003" errors="0" timestamp="2025-07-30T08:42:57 IST" skipped="0">
  <testcase classname="Testng.UsingDependsonMethodFlag" name="java" time="0.002"/>
  <testcase classname="Testng.UsingDependsonMethodFlag" name="Automation" time="0.001"/>
</testsuite> <!-- Testng.UsingDependsonMethodFlag -->
