<?xml version="1.0" encoding="UTF-8"?>
<!-- Generated by org.testng.reporters.JUnitReportReporter -->
<testsuite hostname="DESKTOP-9HEQA7S" failures="0" tests="2" name="Testng.NavigateToFB" time="55.505" errors="0" timestamp="2025-07-30T10:02:25 IST" skipped="0">
  <testcase classname="Testng.NavigateToFB" name="FB" time="23.472">
    <system-out>
      <![CDATA[facebook]]>
    </system-out>
  </testcase> <!-- FB -->
  <testcase classname="Testng.NavigateToFB" name="FB" time="32.033">
    <system-out>
      <![CDATA[facebook]]>
    </system-out>
  </testcase> <!-- FB -->
  <system-out>
    <![CDATA[facebook
facebook
flipkart
swiggy
flipkart
swiggy]]>
  </system-out>
</testsuite> <!-- Testng.NavigateToFB -->
