<?xml version="1.0" encoding="UTF-8"?>
<!-- Generated by org.testng.reporters.JUnitReportReporter -->
<testsuite hostname="DESKTOP-9HEQA7S" failures="0" tests="2" name="Testng.UsingEnabledFlag" time="0.015" errors="0" timestamp="2025-07-30T08:42:57 IST" skipped="1">
  <testcase classname="Testng.UsingEnabledFlag" name="tom" time="0.015"/>
  <testcase classname="Testng.UsingEnabledFlag" name="jerry">
    <skipped/>
  </testcase> <!-- jerry -->
</testsuite> <!-- Testng.UsingEnabledFlag -->
