<?xml version="1.0" encoding="UTF-8"?>
<!-- Generated by org.testng.reporters.JUnitReportReporter -->
<testsuite hostname="DESKTOP-9HEQA7S" failures="0" tests="5" name="Testng.UsingThreadPoolSizeFlag" time="0.023" errors="0" timestamp="2025-07-30T08:42:57 IST" skipped="0">
  <testcase classname="Testng.UsingThreadPoolSizeFlag" name="doreamon" time="0.005"/>
  <testcase classname="Testng.UsingThreadPoolSizeFlag" name="doreamon" time="0.004"/>
  <testcase classname="Testng.UsingThreadPoolSizeFlag" name="doreamon" time="0.003"/>
  <testcase classname="Testng.UsingThreadPoolSizeFlag" name="shinchan" time="0.004"/>
  <testcase classname="Testng.UsingThreadPoolSizeFlag" name="doreamon" time="0.007"/>
</testsuite> <!-- Testng.UsingThreadPoolSizeFlag -->
